<?xml version="1.0" encoding="UTF-8"?>
<!-- Generated by org.testng.reporters.JUnitReportReporter -->
<testsuite skipped="0" hostname="rohit-laptop" name="dataProviderExcel.DataProviderIntegrationExcel" tests="1" failures="0" timestamp="10 Jul 2021 21:41:16 GMT" time="0.030" errors="0">
  <testcase name="m2" time="0.030" classname="dataProviderExcel.DataProviderIntegrationExcel"/>
</testsuite> <!-- dataProviderExcel.DataProviderIntegrationExcel -->
