<?xml version="1.0" encoding="UTF-8"?>
<!-- Generated by org.testng.reporters.JUnitReportReporter -->
<testsuite skipped="0" hostname="rohit-laptop" name="dataProviderExcel.Hello" tests="1" failures="0" timestamp="10 Jul 2021 21:41:30 GMT" time="0.024" errors="0">
  <testcase name="m1" time="0.024" classname="dataProviderExcel.Hello"/>
</testsuite> <!-- dataProviderExcel.Hello -->
